<?xml version="1.0" encoding="UTF-8" ?>
<testsuites>

  <testsuite name="DOM Methods .addClass()" errors="0" tests="3" failures="0" time="0.059" timestamp="2013-08-09T02:40:41.897Z">
    
      <testcase assertions="0" classname="DOM Methods .addClass()" name="should add a class" time="0.011">
        
      </testcase>
    
      <testcase assertions="0" classname="DOM Methods .addClass()" name="should accept an array" time="0.01">
        
      </testcase>
    
      <testcase assertions="0" classname="DOM Methods .addClass()" name="should accept a string of separated values" time="0.01">
        
      </testcase>
    
  </testsuite>

</testsuites>