<?xml version="1.0" encoding="UTF-8" ?>
<testsuites>

  <testsuite name="Hilo DOM" errors="0" tests="2" failures="0" time="0.08" timestamp="2013-08-09T02:40:41.660Z">
    
      <testcase assertions="1" classname="Hilo DOM" name="should return empty when selecting nothing" time="0.058">
        
      </testcase>
    
      <testcase assertions="1" classname="Hilo DOM" name="should return a (specialized) DOM Node List when passed a string" time="0.008">
        
      </testcase>
    
  </testsuite>

</testsuites>