<?xml version="1.0" encoding="UTF-8" ?>
<testsuites>

  <testsuite name="Hilo DOM" errors="0" tests="2" failures="0" time="0.217" timestamp="2013-08-08T13:34:39.939Z">
    
      <testcase assertions="1" classname="Hilo DOM" name="should return empty when selecting nothing" time="0.179">
        
      </testcase>
    
      <testcase assertions="1" classname="Hilo DOM" name="should return a (specialized) DOM Node List when passed a string" time="0.013">
        
      </testcase>
    
  </testsuite>

</testsuites>