<?xml version="1.0" encoding="UTF-8" ?>
<testsuites>

  <testsuite name="Multimedia Video Formats" errors="0" tests="3" failures="3" time="0.062" timestamp="2013-08-08T13:32:55.355Z">
    
      <testcase assertions="1" classname="Multimedia Video Formats" name="h264" time="0.011">
        
          <failure>TypeError: 'undefined' is not a function (evaluating 'v.canPlayType("video/mp4; codecs='avc1.42E01E, mp4a.40.2'")') in file:///U:/js/hilo/test/spec/feat.spec.js (line 41)</failure>
        
      </testcase>
    
      <testcase assertions="1" classname="Multimedia Video Formats" name="webm" time="0.01">
        
          <failure>TypeError: 'undefined' is not a function (evaluating 'v.canPlayType("video/webm; codecs='vp8, vorbis'")') in file:///U:/js/hilo/test/spec/feat.spec.js (line 44)</failure>
        
      </testcase>
    
      <testcase assertions="1" classname="Multimedia Video Formats" name="ogg" time="0.01">
        
          <failure>TypeError: 'undefined' is not a function (evaluating 'v.canPlayType("video/ogg; codecs='theora, vorbis'")') in file:///U:/js/hilo/test/spec/feat.spec.js (line 47)</failure>
        
      </testcase>
    
  </testsuite>

</testsuites>