<?xml version="1.0" encoding="UTF-8" ?>
<testsuites>

  <testsuite name="DOM fx" errors="0" tests="4" failures="0" time="0.086" timestamp="2013-08-08T13:34:40.035Z">
    
      <testcase assertions="1" classname="DOM fx" name=".hide() should set HTMLElement.style.display to none" time="0.011">
        
      </testcase>
    
      <testcase assertions="1" classname="DOM fx" name=".show() should set HTMLElement.style.display apart from none" time="0.01">
        
      </testcase>
    
      <testcase assertions="1" classname="DOM fx" name=".disappear() should set HTMLElement.style.opacity to &quot;0&quot;" time="0.011">
        
      </testcase>
    
      <testcase assertions="1" classname="DOM fx" name=".appear() should set HTMLElement.style.opacity to &quot;1&quot;" time="0.01">
        
      </testcase>
    
  </testsuite>

</testsuites>